########## labor=0만원 until=0 ##########
=== HJB θ=0 전략 프로파일 (γ=3.0, floor=off, q_max_mult=3.0) ===
Pi_q 범위(월 인출률): 0.0000 ~ 0.0102  (연환산 최대 ~ 11.6%)

  연령 |     인출률q(연%) |     위험비중w(%) |      평균자산W |     생존자산>0비율
  55 |          9.2 |         25.8 |      0.919 |         100%
  60 |         11.4 |         28.7 |      0.701 |         100%
  65 |         10.6 |         54.5 |      0.452 |         100%
  70 |          9.7 |         69.8 |      0.340 |         100%
  75 |         11.6 |         69.7 |      0.243 |         100%
  80 |         12.2 |         69.7 |      0.165 |         100%
  85 |         12.2 |         69.8 |      0.107 |         100%
  90 |         12.0 |         63.9 |      0.076 |         100%

[소비부족 위험] 최저생활비(연 0.072) 미달 경로 비율: 브릿지(55~64세) 96.0%  |  전 생애 96.0%  |  평균 미달 개월수 43.1
[EU] median -199.298  mean -201.075  (동일 seed 공통난수 — 시나리오 간 비교 가능)
########## labor=100만원 until=60 ##########
[labor] 계속고용: 월 100만원 (=0.00730) × 55~59세
=== HJB θ=0 전략 프로파일 (γ=3.0, floor=off, q_max_mult=3.0) ===
Pi_q 범위(월 인출률): 0.0000 ~ 0.0102  (연환산 최대 ~ 11.6%)

  연령 |     인출률q(연%) |     위험비중w(%) |      평균자산W |     생존자산>0비율
  55 |          3.0 |         37.3 |      1.000 |         100%
  60 |          7.5 |         31.1 |      0.957 |         100%
  65 |         10.2 |         56.9 |      0.662 |         100%
  70 |          9.2 |         68.5 |      0.514 |         100%
  75 |         10.9 |         68.8 |      0.379 |         100%
  80 |         12.2 |         68.7 |      0.265 |         100%
  85 |         12.2 |         69.3 |      0.172 |         100%
  90 |         12.2 |         64.6 |      0.123 |         100%

[소비부족 위험] 최저생활비(연 0.072) 미달 경로 비율: 브릿지(55~64세) 46.7%  |  전 생애 46.7%  |  평균 미달 개월수 6.3
[EU] median -123.758  mean -124.381  (동일 seed 공통난수 — 시나리오 간 비교 가능)
########## labor=200만원 until=60 ##########
[labor] 계속고용: 월 200만원 (=0.01460) × 55~59세
=== HJB θ=0 전략 프로파일 (γ=3.0, floor=off, q_max_mult=3.0) ===
Pi_q 범위(월 인출률): 0.0000 ~ 0.0102  (연환산 최대 ~ 11.6%)

  연령 |     인출률q(연%) |     위험비중w(%) |      평균자산W |     생존자산>0비율
  55 |          0.0 |         30.1 |      1.036 |         100%
  60 |          6.1 |         32.1 |      1.080 |         100%
  65 |          9.9 |         57.0 |      0.768 |         100%
  70 |          8.9 |         67.3 |      0.607 |         100%
  75 |         10.6 |         67.9 |      0.451 |         100%
  80 |         12.1 |         68.0 |      0.318 |         100%
  85 |         12.2 |         68.9 |      0.207 |         100%
  90 |         12.2 |         64.5 |      0.148 |         100%

[소비부족 위험] 최저생활비(연 0.072) 미달 경로 비율: 브릿지(55~64세) 25.7%  |  전 생애 25.7%  |  평균 미달 개월수 2.4
[EU] median -94.097  mean -95.261  (동일 seed 공통난수 — 시나리오 간 비교 가능)
########## labor=100만원 until=65 ##########
[labor] 계속고용: 월 100만원 (=0.00730) × 55~64세
=== HJB θ=0 전략 프로파일 (γ=3.0, floor=off, q_max_mult=3.0) ===
Pi_q 범위(월 인출률): 0.0000 ~ 0.0102  (연환산 최대 ~ 11.6%)

  연령 |     인출률q(연%) |     위험비중w(%) |      평균자산W |     생존자산>0비율
  55 |          6.1 |         68.6 |      0.975 |         100%
  60 |          6.1 |         66.6 |      0.933 |         100%
  65 |          6.8 |         65.0 |      0.838 |         100%
  70 |          8.7 |         65.0 |      0.700 |         100%
  75 |         10.5 |         66.0 |      0.526 |         100%
  80 |         12.0 |         66.3 |      0.374 |         100%
  85 |         12.2 |         67.8 |      0.244 |         100%
  90 |         12.2 |         63.7 |      0.174 |         100%

[소비부족 위험] 최저생활비(연 0.072) 미달 경로 비율: 브릿지(55~64세) 0.0%  |  전 생애 0.0%  |  평균 미달 개월수 0.0
[EU] median -87.516  mean -87.851  (동일 seed 공통난수 — 시나리오 간 비교 가능)
########## labor=200만원 until=65 ##########
[labor] 계속고용: 월 200만원 (=0.01460) × 55~64세
=== HJB θ=0 전략 프로파일 (γ=3.0, floor=off, q_max_mult=3.0) ===
Pi_q 범위(월 인출률): 0.0000 ~ 0.0102  (연환산 최대 ~ 11.6%)

  연령 |     인출률q(연%) |     위험비중w(%) |      평균자산W |     생존자산>0비율
  55 |          0.2 |         64.3 |      1.051 |         100%
  60 |          0.5 |         60.4 |      1.234 |         100%
  65 |          3.4 |         54.8 |      1.384 |         100%
  70 |          7.4 |         55.8 |      1.219 |         100%
  75 |          9.5 |         57.8 |      0.944 |         100%
  80 |         11.5 |         59.4 |      0.688 |         100%
  85 |         12.2 |         62.5 |      0.445 |         100%
  90 |         12.2 |         60.3 |      0.316 |         100%

[소비부족 위험] 최저생활비(연 0.072) 미달 경로 비율: 브릿지(55~64세) 0.0%  |  전 생애 0.0%  |  평균 미달 개월수 0.0
[EU] median -54.942  mean -57.945  (동일 seed 공통난수 — 시나리오 간 비교 가능)
########## θ*(65) with labor 100/65 ##########
-- age 65 --
  median: -87.880 -87.742 -87.034 -86.371 -85.780 -86.240 -85.338 -85.116 -85.273   θ*=0.7
  paired: +0.0000 +0.6027 +1.1665 +1.6056 +1.9751 +2.2222 +2.3871 +2.4337 +2.3622   θ*=0.7
########## LABOR BATCH DONE ##########
